{"name": "test_05_purchase_bag_online", "status": "broken", "statusDetails": {"message": "selenium.common.exceptions.ElementClickInterceptedException: Message: element click intercepted: Element <input data-v-cd156204=\"\" type=\"checkbox\" id=\"terminosCondiciones\"> is not clickable at point (428, 819). Other element would receive the click: <div data-v-cd156204=\"\" class=\"body\">...</div>\n  (Session info: chrome=99.0.4844.51)\nStacktrace:\nBacktrace:\n\tOrdinal0 [0x005F9943+2595139]\n\tOrdinal0 [0x0058C9F1+2148849]\n\tOrdinal0 [0x00484528+1066280]\n\tOrdinal0 [0x004B7621+1275425]\n\tOrdinal0 [0x004B5657+1267287]\n\tOrdinal0 [0x004B333B+1258299]\n\tOrdinal0 [0x004B207D+1253501]\n\tOrdinal0 [0x004A7AB3+1211059]\n\tOrdinal0 [0x004CB9EC+1358316]\n\tOrdinal0 [0x004A7474+1209460]\n\tOrdinal0 [0x004CBC04+1358852]\n\tOrdinal0 [0x004DBAF2+1424114]\n\tOrdinal0 [0x004CB806+1357830]\n\tOrdinal0 [0x004A6086+1204358]\n\tOrdinal0 [0x004A6F96+1208214]\n\tGetHandleVerifier [0x0079B232+1658114]\n\tGetHandleVerifier [0x0085312C+2411516]\n\tGetHandleVerifier [0x0068F261+560433]\n\tGetHandleVerifier [0x0068E366+556598]\n\tOrdinal0 [0x0059286B+2173035]\n\tOrdinal0 [0x005975F8+2192888]\n\tOrdinal0 [0x005976E5+2193125]\n\tOrdinal0 [0x005A11FC+2232828]\n\tBaseThreadInitThunk [0x767FFA29+25]\n\tRtlGetAppContainerNamedObjectPath [0x772C7A9E+286]\n\tRtlGetAppContainerNamedObjectPath [0x772C7A6E+238]", "trace": "self = <UnitTestPopeyes.PopeyesTests.PurchaseTest.Purchase testMethod=test_05_purchase_bag_online>\n\n    def test_05_purchase_bag_online(self):\n        self.test_03_purchase_product()\n        with allure.step(u\"Finalizamos la compra\"):\n            self.purchasePage.btnFinishPurchase()\n    \n        with allure.step(u\"Elegimos el botón de pagar\"):\n            self.purchasePage.clickBtnPay()\n    \n        with allure.step(u\"Seleccionamos el método de pago online\"):\n            self.purchasePage.selectMethodCard()\n    \n        with allure.step(u\"Aceptamos los términos y condiciones\"):\n>           self.purchasePage.acceptTerms()\n\nPurchaseTest.py:131: \n_ _ _ _ _ _ _ _ _ _ _ _ _ _ _ _ _ _ _ _ _ _ _ _ _ _ _ _ _ _ _ _ _ _ _ _ _ _ _ _ _ _ _ _ _ _ _ _ _ _ _ _ _ _ _ _ _ _ _ _ _ _ _ _ _ _ _ _ _ _ _ _ _ _ _ _ _ _ _ _ _ _ _ _ _ _ _ _ _ _ _ _ _ _ _ _ _ _ _ _ _ _ _ _ \n..\\PopeyesPage\\PurchasePage.py:105: in acceptTerms\n    btnTerms.click()\nC:\\Users\\artur\\AppData\\Local\\Packages\\PythonSoftwareFoundation.Python.3.9_qbz5n2kfra8p0\\LocalCache\\local-packages\\Python39\\site-packages\\selenium\\webdriver\\remote\\webelement.py:81: in click\n    self._execute(Command.CLICK_ELEMENT)\nC:\\Users\\artur\\AppData\\Local\\Packages\\PythonSoftwareFoundation.Python.3.9_qbz5n2kfra8p0\\LocalCache\\local-packages\\Python39\\site-packages\\selenium\\webdriver\\remote\\webelement.py:710: in _execute\n    return self._parent.execute(command, params)\nC:\\Users\\artur\\AppData\\Local\\Packages\\PythonSoftwareFoundation.Python.3.9_qbz5n2kfra8p0\\LocalCache\\local-packages\\Python39\\site-packages\\selenium\\webdriver\\remote\\webdriver.py:424: in execute\n    self.error_handler.check_response(response)\n_ _ _ _ _ _ _ _ _ _ _ _ _ _ _ _ _ _ _ _ _ _ _ _ _ _ _ _ _ _ _ _ _ _ _ _ _ _ _ _ _ _ _ _ _ _ _ _ _ _ _ _ _ _ _ _ _ _ _ _ _ _ _ _ _ _ _ _ _ _ _ _ _ _ _ _ _ _ _ _ _ _ _ _ _ _ _ _ _ _ _ _ _ _ _ _ _ _ _ _ _ _ _ _ \n\nself = <selenium.webdriver.remote.errorhandler.ErrorHandler object at 0x000002430CFBEA90>\nresponse = {'status': 400, 'value': '{\"value\":{\"error\":\"element click intercepted\",\"message\":\"element click intercepted: Element ...\\n\\\\tRtlGetAppContainerNamedObjectPath [0x772C7A9E+286]\\\\n\\\\tRtlGetAppContainerNamedObjectPath [0x772C7A6E+238]\\\\n\"}}'}\n\n    def check_response(self, response: Dict[str, Any]) -> None:\n        \"\"\"\n        Checks that a JSON response from the WebDriver does not have an error.\n    \n        :Args:\n         - response - The JSON response from the WebDriver server as a dictionary\n           object.\n    \n        :Raises: If the response contains an error message.\n        \"\"\"\n        status = response.get('status', None)\n        if not status or status == ErrorCode.SUCCESS:\n            return\n        value = None\n        message = response.get(\"message\", \"\")\n        screen: str = response.get(\"screen\", \"\")\n        stacktrace = None\n        if isinstance(status, int):\n            value_json = response.get('value', None)\n            if value_json and isinstance(value_json, str):\n                import json\n                try:\n                    value = json.loads(value_json)\n                    if len(value.keys()) == 1:\n                        value = value['value']\n                    status = value.get('error', None)\n                    if not status:\n                        status = value.get(\"status\", ErrorCode.UNKNOWN_ERROR)\n                        message = value.get(\"value\") or value.get(\"message\")\n                        if not isinstance(message, str):\n                            value = message\n                            message = message.get('message')\n                    else:\n                        message = value.get('message', None)\n                except ValueError:\n                    pass\n    \n        exception_class: Type[WebDriverException]\n        if status in ErrorCode.NO_SUCH_ELEMENT:\n            exception_class = NoSuchElementException\n        elif status in ErrorCode.NO_SUCH_FRAME:\n            exception_class = NoSuchFrameException\n        elif status in ErrorCode.NO_SUCH_SHADOW_ROOT:\n            exception_class = NoSuchShadowRootException\n        elif status in ErrorCode.NO_SUCH_WINDOW:\n            exception_class = NoSuchWindowException\n        elif status in ErrorCode.STALE_ELEMENT_REFERENCE:\n            exception_class = StaleElementReferenceException\n        elif status in ErrorCode.ELEMENT_NOT_VISIBLE:\n            exception_class = ElementNotVisibleException\n        elif status in ErrorCode.INVALID_ELEMENT_STATE:\n            exception_class = InvalidElementStateException\n        elif status in ErrorCode.INVALID_SELECTOR \\\n                or status in ErrorCode.INVALID_XPATH_SELECTOR \\\n                or status in ErrorCode.INVALID_XPATH_SELECTOR_RETURN_TYPER:\n            exception_class = InvalidSelectorException\n        elif status in ErrorCode.ELEMENT_IS_NOT_SELECTABLE:\n            exception_class = ElementNotSelectableException\n        elif status in ErrorCode.ELEMENT_NOT_INTERACTABLE:\n            exception_class = ElementNotInteractableException\n        elif status in ErrorCode.INVALID_COOKIE_DOMAIN:\n            exception_class = InvalidCookieDomainException\n        elif status in ErrorCode.UNABLE_TO_SET_COOKIE:\n            exception_class = UnableToSetCookieException\n        elif status in ErrorCode.TIMEOUT:\n            exception_class = TimeoutException\n        elif status in ErrorCode.SCRIPT_TIMEOUT:\n            exception_class = TimeoutException\n        elif status in ErrorCode.UNKNOWN_ERROR:\n            exception_class = WebDriverException\n        elif status in ErrorCode.UNEXPECTED_ALERT_OPEN:\n            exception_class = UnexpectedAlertPresentException\n        elif status in ErrorCode.NO_ALERT_OPEN:\n            exception_class = NoAlertPresentException\n        elif status in ErrorCode.IME_NOT_AVAILABLE:\n            exception_class = ImeNotAvailableException\n        elif status in ErrorCode.IME_ENGINE_ACTIVATION_FAILED:\n            exception_class = ImeActivationFailedException\n        elif status in ErrorCode.MOVE_TARGET_OUT_OF_BOUNDS:\n            exception_class = MoveTargetOutOfBoundsException\n        elif status in ErrorCode.JAVASCRIPT_ERROR:\n            exception_class = JavascriptException\n        elif status in ErrorCode.SESSION_NOT_CREATED:\n            exception_class = SessionNotCreatedException\n        elif status in ErrorCode.INVALID_ARGUMENT:\n            exception_class = InvalidArgumentException\n        elif status in ErrorCode.NO_SUCH_COOKIE:\n            exception_class = NoSuchCookieException\n        elif status in ErrorCode.UNABLE_TO_CAPTURE_SCREEN:\n            exception_class = ScreenshotException\n        elif status in ErrorCode.ELEMENT_CLICK_INTERCEPTED:\n            exception_class = ElementClickInterceptedException\n        elif status in ErrorCode.INSECURE_CERTIFICATE:\n            exception_class = InsecureCertificateException\n        elif status in ErrorCode.INVALID_COORDINATES:\n            exception_class = InvalidCoordinatesException\n        elif status in ErrorCode.INVALID_SESSION_ID:\n            exception_class = InvalidSessionIdException\n        elif status in ErrorCode.UNKNOWN_METHOD:\n            exception_class = UnknownMethodException\n        else:\n            exception_class = WebDriverException\n        if not value:\n            value = response['value']\n        if isinstance(value, str):\n            raise exception_class(value)\n        if message == \"\" and 'message' in value:\n            message = value['message']\n    \n        screen = None  # type: ignore[assignment]\n        if 'screen' in value:\n            screen = value['screen']\n    \n        stacktrace = None\n        st_value = value.get('stackTrace') or value.get('stacktrace')\n        if st_value:\n            if isinstance(st_value, str):\n                stacktrace = st_value.split('\\n')\n            else:\n                stacktrace = []\n                try:\n                    for frame in st_value:\n                        line = self._value_or_default(frame, 'lineNumber', '')\n                        file = self._value_or_default(frame, 'fileName', '<anonymous>')\n                        if line:\n                            file = \"%s:%s\" % (file, line)\n                        meth = self._value_or_default(frame, 'methodName', '<anonymous>')\n                        if 'className' in frame:\n                            meth = \"%s.%s\" % (frame['className'], meth)\n                        msg = \"    at %s (%s)\"\n                        msg = msg % (meth, file)\n                        stacktrace.append(msg)\n                except TypeError:\n                    pass\n        if exception_class == UnexpectedAlertPresentException:\n            alert_text = None\n            if 'data' in value:\n                alert_text = value['data'].get('text')\n            elif 'alert' in value:\n                alert_text = value['alert'].get('text')\n            raise exception_class(message, screen, stacktrace, alert_text)  # type: ignore[call-arg]  # mypy is not smart enough here\n>       raise exception_class(message, screen, stacktrace)\nE       selenium.common.exceptions.ElementClickInterceptedException: Message: element click intercepted: Element <input data-v-cd156204=\"\" type=\"checkbox\" id=\"terminosCondiciones\"> is not clickable at point (428, 819). Other element would receive the click: <div data-v-cd156204=\"\" class=\"body\">...</div>\nE         (Session info: chrome=99.0.4844.51)\nE       Stacktrace:\nE       Backtrace:\nE       \tOrdinal0 [0x005F9943+2595139]\nE       \tOrdinal0 [0x0058C9F1+2148849]\nE       \tOrdinal0 [0x00484528+1066280]\nE       \tOrdinal0 [0x004B7621+1275425]\nE       \tOrdinal0 [0x004B5657+1267287]\nE       \tOrdinal0 [0x004B333B+1258299]\nE       \tOrdinal0 [0x004B207D+1253501]\nE       \tOrdinal0 [0x004A7AB3+1211059]\nE       \tOrdinal0 [0x004CB9EC+1358316]\nE       \tOrdinal0 [0x004A7474+1209460]\nE       \tOrdinal0 [0x004CBC04+1358852]\nE       \tOrdinal0 [0x004DBAF2+1424114]\nE       \tOrdinal0 [0x004CB806+1357830]\nE       \tOrdinal0 [0x004A6086+1204358]\nE       \tOrdinal0 [0x004A6F96+1208214]\nE       \tGetHandleVerifier [0x0079B232+1658114]\nE       \tGetHandleVerifier [0x0085312C+2411516]\nE       \tGetHandleVerifier [0x0068F261+560433]\nE       \tGetHandleVerifier [0x0068E366+556598]\nE       \tOrdinal0 [0x0059286B+2173035]\nE       \tOrdinal0 [0x005975F8+2192888]\nE       \tOrdinal0 [0x005976E5+2193125]\nE       \tOrdinal0 [0x005A11FC+2232828]\nE       \tBaseThreadInitThunk [0x767FFA29+25]\nE       \tRtlGetAppContainerNamedObjectPath [0x772C7A9E+286]\nE       \tRtlGetAppContainerNamedObjectPath [0x772C7A6E+238]\n\nC:\\Users\\artur\\AppData\\Local\\Packages\\PythonSoftwareFoundation.Python.3.9_qbz5n2kfra8p0\\LocalCache\\local-packages\\Python39\\site-packages\\selenium\\webdriver\\remote\\errorhandler.py:247: ElementClickInterceptedException"}, "steps": [{"name": "Iniciar el controlador de Chrome", "status": "passed", "start": 1646756084990, "stop": 1646756091908}, {"name": "Accedemos a la página de inicio de sesión", "status": "passed", "start": 1646756091908, "stop": 1646756097253}, {"name": "Ingresamos las credenciales de inicio de sesión con cuenta nativa", "status": "passed", "start": 1646756097253, "stop": 1646756097369}, {"name": "Validamos el inicio de sesión", "status": "passed", "start": 1646756097369, "stop": 1646756101989}, {"name": "Seleccionamos la primera dirección", "status": "passed", "start": 1646756103002, "stop": 1646756103037}, {"name": "Confirmamos la selección", "status": "passed", "start": 1646756103037, "stop": 1646756103072}, {"name": "Validamos la configuración de dirección", "status": "passed", "start": 1646756103072, "stop": 1646756104873}, {"name": "Nos dirigimos al home", "status": "passed", "start": 1646756104873, "stop": 1646756107851}, {"name": "Seleccionamos personales y para compartir", "status": "passed", "start": 1646756107851, "stop": 1646756107874}, {"name": "Seleccionamos el segundo producto (Cajun Full)", "status": "passed", "start": 1646756107874, "stop": 1646756109303}, {"name": "Eligimos las piezas", "status": "passed", "start": 1646756109303, "stop": 1646756110587}, {"name": "Elegimos el tamaño", "status": "passed", "start": 1646756110587, "stop": 1646756110598}, {"name": "Eligimos el sabor de bebida", "status": "passed", "start": 1646756110598, "stop": 1646756110612}, {"name": "Eligimos las salsas", "status": "passed", "start": 1646756110612, "stop": 1646756110659}, {"name": "Validamos el monto", "status": "passed", "start": 1646756110659, "stop": 1646756110675}, {"name": "Agregamos al carrito", "status": "passed", "start": 1646756110675, "stop": 1646756110689}, {"name": "Validamos que se agregó correctamente", "status": "passed", "attachments": [{"name": "Producto Agregado", "source": "8f9f0b94-26a3-4718-a0d0-d348e77fef1f-attachment.png", "type": "image/png"}], "start": 1646756110689, "stop": 1646756117827}, {"name": "Finalizamos la compra", "status": "passed", "start": 1646756117827, "stop": 1646756117864}, {"name": "Elegimos el botón de pagar", "status": "passed", "start": 1646756117864, "stop": 1646756122083}, {"name": "Seleccionamos el método de pago online", "status": "passed", "start": 1646756122083, "stop": 1646756122886}, {"name": "Aceptamos los términos y condiciones", "status": "broken", "statusDetails": {"message": "selenium.common.exceptions.ElementClickInterceptedException: Message: element click intercepted: Element <input data-v-cd156204=\"\" type=\"checkbox\" id=\"terminosCondiciones\"> is not clickable at point (428, 819). Other element would receive the click: <div data-v-cd156204=\"\" class=\"body\">...</div>\n  (Session info: chrome=99.0.4844.51)\nStacktrace:\nBacktrace:\n\tOrdinal0 [0x005F9943+2595139]\n\tOrdinal0 [0x0058C9F1+2148849]\n\tOrdinal0 [0x00484528+1066280]\n\tOrdinal0 [0x004B7621+1275425]\n\tOrdinal0 [0x004B5657+1267287]\n\tOrdinal0 [0x004B333B+1258299]\n\tOrdinal0 [0x004B207D+1253501]\n\tOrdinal0 [0x004A7AB3+1211059]\n\tOrdinal0 [0x004CB9EC+1358316]\n\tOrdinal0 [0x004A7474+1209460]\n\tOrdinal0 [0x004CBC04+1358852]\n\tOrdinal0 [0x004DBAF2+1424114]\n\tOrdinal0 [0x004CB806+1357830]\n\tOrdinal0 [0x004A6086+1204358]\n\tOrdinal0 [0x004A6F96+1208214]\n\tGetHandleVerifier [0x0079B232+1658114]\n\tGetHandleVerifier [0x0085312C+2411516]\n\tGetHandleVerifier [0x0068F261+560433]\n\tGetHandleVerifier [0x0068E366+556598]\n\tOrdinal0 [0x0059286B+2173035]\n\tOrdinal0 [0x005975F8+2192888]\n\tOrdinal0 [0x005976E5+2193125]\n\tOrdinal0 [0x005A11FC+2232828]\n\tBaseThreadInitThunk [0x767FFA29+25]\n\tRtlGetAppContainerNamedObjectPath [0x772C7A9E+286]\n\tRtlGetAppContainerNamedObjectPath [0x772C7A6E+238]\n\n", "trace": "  File \"D:\\PROYECTOS CICLO IX\\SELENIUM\\PopeyesPruebas\\UnitTestPopeyes\\PopeyesTests\\PurchaseTest.py\", line 131, in test_05_purchase_bag_online\n    self.purchasePage.acceptTerms()\n  File \"D:\\PROYECTOS CICLO IX\\SELENIUM\\PopeyesPruebas\\UnitTestPopeyes\\PopeyesPage\\PurchasePage.py\", line 105, in acceptTerms\n    btnTerms.click()\n  File \"C:\\Users\\artur\\AppData\\Local\\Packages\\PythonSoftwareFoundation.Python.3.9_qbz5n2kfra8p0\\LocalCache\\local-packages\\Python39\\site-packages\\selenium\\webdriver\\remote\\webelement.py\", line 81, in click\n    self._execute(Command.CLICK_ELEMENT)\n  File \"C:\\Users\\artur\\AppData\\Local\\Packages\\PythonSoftwareFoundation.Python.3.9_qbz5n2kfra8p0\\LocalCache\\local-packages\\Python39\\site-packages\\selenium\\webdriver\\remote\\webelement.py\", line 710, in _execute\n    return self._parent.execute(command, params)\n  File \"C:\\Users\\artur\\AppData\\Local\\Packages\\PythonSoftwareFoundation.Python.3.9_qbz5n2kfra8p0\\LocalCache\\local-packages\\Python39\\site-packages\\selenium\\webdriver\\remote\\webdriver.py\", line 424, in execute\n    self.error_handler.check_response(response)\n  File \"C:\\Users\\artur\\AppData\\Local\\Packages\\PythonSoftwareFoundation.Python.3.9_qbz5n2kfra8p0\\LocalCache\\local-packages\\Python39\\site-packages\\selenium\\webdriver\\remote\\errorhandler.py\", line 247, in check_response\n    raise exception_class(message, screen, stacktrace)\n"}, "start": 1646756122886, "stop": 1646756123969}], "attachments": [{"name": "log", "source": "cb8046ce-599f-461e-b04c-d25418c0b393-attachment.txt", "type": "text/plain"}, {"name": "stderr", "source": "5fd940e8-19c1-4ca7-ae3a-8f20b551edba-attachment.txt", "type": "text/plain"}], "start": 1646756084990, "stop": 1646756126077, "uuid": "940518e5-d66b-481e-8256-146a43a02efe", "historyId": "bb994b7c76a565fae9cd3bf4164f642b", "testCaseId": "bd2515ad6099bac03a5f63d424fe1a91", "fullName": "PurchaseTest.Purchase#test_05_purchase_bag_online", "labels": [{"name": "feature", "value": "Purchase"}, {"name": "suite", "value": "PurchaseTest"}, {"name": "subSuite", "value": "Purchase"}, {"name": "host", "value": "DESKTOP-FT84D78"}, {"name": "thread", "value": "11936-MainThread"}, {"name": "framework", "value": "pytest"}, {"name": "language", "value": "cpython3"}, {"name": "package", "value": "PurchaseTest"}]}