{"name": "test_05_purchase_bag_online", "status": "failed", "statusDetails": {"message": "AssertionError: Ocurrió un problema al cargar el iframe", "trace": "self = <[AttributeError(\"'PurchasePg' object has no attribute '_testMethodName'\") raised in repr()] PurchasePg object at 0x201c6b27190>\n\n    def selectCreditCard(self):\n        try:\n            element_present = EC.element_located_to_be_selected((By.XPATH, \"/html/body/div[3]/iframe\"))\n>           WebDriverWait(self.driver, 25).until(element_present)\n\n..\\PopeyesPage\\PurchasePage.py:152: \n_ _ _ _ _ _ _ _ _ _ _ _ _ _ _ _ _ _ _ _ _ _ _ _ _ _ _ _ _ _ _ _ _ _ _ _ _ _ _ _ _ _ _ _ _ _ _ _ _ _ _ _ _ _ _ _ _ _ _ _ _ _ _ _ _ _ _ _ _ _ _ _ _ _ _ _ _ _ _ _ _ _ _ _ _ _ _ _ _ _ _ _ _ _ _ _ _ _ _ _ _ _ _ _ \n\nself = <selenium.webdriver.support.wait.WebDriverWait (session=\"4d4183447ef3aae97573677ee44f631f\")>, method = <function element_located_to_be_selected.<locals>._predicate at 0x00000201C6B3C4C0>, message = ''\n\n    def until(self, method, message=''):\n        \"\"\"Calls the method provided with the driver as an argument until the \\\n        return value does not evaluate to ``False``.\n    \n        :param method: callable(WebDriver)\n        :param message: optional message for :exc:`TimeoutException`\n        :returns: the result of the last call to `method`\n        :raises: :exc:`selenium.common.exceptions.TimeoutException` if timeout occurs\n        \"\"\"\n        screen = None\n        stacktrace = None\n    \n        end_time = time.time() + self._timeout\n        while True:\n            try:\n                value = method(self._driver)\n                if value:\n                    return value\n            except InvalidSelectorException as e:\n                raise e\n            except self._ignored_exceptions as exc:\n                screen = getattr(exc, 'screen', None)\n                stacktrace = getattr(exc, 'stacktrace', None)\n            time.sleep(self._poll)\n            if time.time() > end_time:\n                break\n>       raise TimeoutException(message, screen, stacktrace)\nE       selenium.common.exceptions.TimeoutException: Message:\n\nC:\\Users\\artur\\AppData\\Local\\Packages\\PythonSoftwareFoundation.Python.3.9_qbz5n2kfra8p0\\LocalCache\\local-packages\\Python39\\site-packages\\selenium\\webdriver\\support\\wait.py:89: TimeoutException\n\nDuring handling of the above exception, another exception occurred:\n\nself = <UnitTestPopeyes.PopeyesTests.PurchaseTest.Purchase testMethod=test_05_purchase_bag_online>\n\n    def test_05_purchase_bag_online(self):\n        self.test_03_purchase_product()\n        with allure.step(u\"Finalizamos la compra\"):\n            self.purchasePage.btnFinishPurchase()\n    \n        with allure.step(u\"Elegimos el botón de pagar\"):\n            self.purchasePage.clickBtnPay()\n    \n        with allure.step(u\"Seleccionamos el método de pago online\"):\n            self.purchasePage.selectMethodCard()\n    \n        with allure.step(u\"Aceptamos los términos y condiciones\"):\n            self.purchasePage.acceptTerms()\n    \n        with allure.step(u\"Confirmamos con el botón de finalizar compra\"):\n            self.purchasePage.finishPurchase()\n    \n        with allure.step(u\"Seleccionamos tarjeta de crédito\"):\n>           self.purchasePage.selectCreditCard()\n\nPurchaseTest.py:137: \n_ _ _ _ _ _ _ _ _ _ _ _ _ _ _ _ _ _ _ _ _ _ _ _ _ _ _ _ _ _ _ _ _ _ _ _ _ _ _ _ _ _ _ _ _ _ _ _ _ _ _ _ _ _ _ _ _ _ _ _ _ _ _ _ _ _ _ _ _ _ _ _ _ _ _ _ _ _ _ _ _ _ _ _ _ _ _ _ _ _ _ _ _ _ _ _ _ _ _ _ _ _ _ _ \n\nself = <[AttributeError(\"'PurchasePg' object has no attribute '_testMethodName'\") raised in repr()] PurchasePg object at 0x201c6b27190>\n\n    def selectCreditCard(self):\n        try:\n            element_present = EC.element_located_to_be_selected((By.XPATH, \"/html/body/div[3]/iframe\"))\n            WebDriverWait(self.driver, 25).until(element_present)\n            elem = self.driver.find_element(By.CSS_SELECTOR,'.visaNetWrapper > iframe#visaNetJS')\n            self.driver.switch_to.frame(elem)\n        except TimeoutException:\n>           assert False, 'Ocurrió un problema al cargar el iframe'\nE           AssertionError: Ocurrió un problema al cargar el iframe\n\n..\\PopeyesPage\\PurchasePage.py:156: AssertionError"}, "steps": [{"name": "Iniciar el controlador de Chrome", "status": "passed", "start": 1646756478817, "stop": 1646756487523}, {"name": "Accedemos a la página de inicio de sesión", "status": "passed", "start": 1646756487523, "stop": 1646756492591}, {"name": "Ingresamos las credenciales de inicio de sesión con cuenta nativa", "status": "passed", "start": 1646756492591, "stop": 1646756492716}, {"name": "Validamos el inicio de sesión", "status": "passed", "start": 1646756492716, "stop": 1646756497528}, {"name": "Seleccionamos la primera dirección", "status": "passed", "start": 1646756498541, "stop": 1646756498575}, {"name": "Confirmamos la selección", "status": "passed", "start": 1646756498575, "stop": 1646756498608}, {"name": "Validamos la configuración de dirección", "status": "passed", "start": 1646756498608, "stop": 1646756500479}, {"name": "Nos dirigimos al home", "status": "passed", "start": 1646756500480, "stop": 1646756504904}, {"name": "Seleccionamos personales y para compartir", "status": "passed", "start": 1646756504905, "stop": 1646756504931}, {"name": "Seleccionamos el segundo producto (Cajun Full)", "status": "passed", "start": 1646756504931, "stop": 1646756506191}, {"name": "Eligimos las piezas", "status": "passed", "start": 1646756506191, "stop": 1646756507458}, {"name": "Elegimos el tamaño", "status": "passed", "start": 1646756507458, "stop": 1646756507471}, {"name": "Eligimos el sabor de bebida", "status": "passed", "start": 1646756507471, "stop": 1646756507484}, {"name": "Eligimos las salsas", "status": "passed", "start": 1646756507484, "stop": 1646756507530}, {"name": "Validamos el monto", "status": "passed", "start": 1646756507530, "stop": 1646756507545}, {"name": "Agregamos al carrito", "status": "passed", "start": 1646756507545, "stop": 1646756507561}, {"name": "Validamos que se agregó correctamente", "status": "passed", "attachments": [{"name": "Producto Agregado", "source": "9064ff3e-7363-48c9-baae-7cbfa519cda7-attachment.png", "type": "image/png"}], "start": 1646756507561, "stop": 1646756515008}, {"name": "Finalizamos la compra", "status": "passed", "start": 1646756515008, "stop": 1646756515047}, {"name": "Elegimos el botón de pagar", "status": "passed", "start": 1646756515047, "stop": 1646756519278}, {"name": "Seleccionamos el método de pago online", "status": "passed", "start": 1646756519278, "stop": 1646756520087}, {"name": "Aceptamos los términos y condiciones", "status": "passed", "start": 1646756520087, "stop": 1646756520112}, {"name": "Confirmamos con el botón de finalizar compra", "status": "passed", "start": 1646756520112, "stop": 1646756523823}, {"name": "Seleccionamos tarjeta de crédito", "status": "failed", "statusDetails": {"message": "AssertionError: Ocurrió un problema al cargar el iframe\n", "trace": "  File \"D:\\PROYECTOS CICLO IX\\SELENIUM\\PopeyesPruebas\\UnitTestPopeyes\\PopeyesTests\\PurchaseTest.py\", line 137, in test_05_purchase_bag_online\n    self.purchasePage.selectCreditCard()\n  File \"D:\\PROYECTOS CICLO IX\\SELENIUM\\PopeyesPruebas\\UnitTestPopeyes\\PopeyesPage\\PurchasePage.py\", line 156, in selectCreditCard\n    assert False, 'Ocurrió un problema al cargar el iframe'\n"}, "start": 1646756523823, "stop": 1646756549132}], "attachments": [{"name": "log", "source": "72a35875-249a-42f7-811e-b05d1fc7b9e4-attachment.txt", "type": "text/plain"}, {"name": "stderr", "source": "4dcfbb2b-cc82-4940-a663-55edb3cad1e3-attachment.txt", "type": "text/plain"}], "start": 1646756478817, "stop": 1646756551271, "uuid": "afe63df0-a31d-4536-ab7b-01286ef39f8d", "historyId": "bb994b7c76a565fae9cd3bf4164f642b", "testCaseId": "bd2515ad6099bac03a5f63d424fe1a91", "fullName": "PurchaseTest.Purchase#test_05_purchase_bag_online", "labels": [{"name": "feature", "value": "Purchase"}, {"name": "suite", "value": "PurchaseTest"}, {"name": "subSuite", "value": "Purchase"}, {"name": "host", "value": "DESKTOP-FT84D78"}, {"name": "thread", "value": "45988-MainThread"}, {"name": "framework", "value": "pytest"}, {"name": "language", "value": "cpython3"}, {"name": "package", "value": "PurchaseTest"}]}