{"name": "test_05_purchase_bag_online", "status": "failed", "statusDetails": {"message": "AssertionError: Ocurrió un problema al cargar el iframe", "trace": "self = <[AttributeError(\"'PurchasePg' object has no attribute '_testMethodName'\") raised in repr()] PurchasePg object at 0x1dafae2f760>\n\n    def selectCreditCard(self):\n        try:\n            element_present = EC.element_located_to_be_selected((By.XPATH, \"/html/body/div[3]/iframe\"))\n>           WebDriverWait(self.driver, 25).until(element_present)\n\n..\\PopeyesPage\\PurchasePage.py:153: \n_ _ _ _ _ _ _ _ _ _ _ _ _ _ _ _ _ _ _ _ _ _ _ _ _ _ _ _ _ _ _ _ _ _ _ _ _ _ _ _ _ _ _ _ _ _ _ _ _ _ _ _ _ _ _ _ _ _ _ _ _ _ _ _ _ _ _ _ _ _ _ _ _ _ _ _ _ _ _ _ _ _ _ _ _ _ _ _ _ _ _ _ _ _ _ _ _ _ _ _ _ _ _ _ \n\nself = <selenium.webdriver.support.wait.WebDriverWait (session=\"403e0ebf8f66f274abdc24ee15563317\")>, method = <function element_located_to_be_selected.<locals>._predicate at 0x000001DAFA325B80>, message = ''\n\n    def until(self, method, message=''):\n        \"\"\"Calls the method provided with the driver as an argument until the \\\n        return value does not evaluate to ``False``.\n    \n        :param method: callable(WebDriver)\n        :param message: optional message for :exc:`TimeoutException`\n        :returns: the result of the last call to `method`\n        :raises: :exc:`selenium.common.exceptions.TimeoutException` if timeout occurs\n        \"\"\"\n        screen = None\n        stacktrace = None\n    \n        end_time = time.time() + self._timeout\n        while True:\n            try:\n                value = method(self._driver)\n                if value:\n                    return value\n            except InvalidSelectorException as e:\n                raise e\n            except self._ignored_exceptions as exc:\n                screen = getattr(exc, 'screen', None)\n                stacktrace = getattr(exc, 'stacktrace', None)\n            time.sleep(self._poll)\n            if time.time() > end_time:\n                break\n>       raise TimeoutException(message, screen, stacktrace)\nE       selenium.common.exceptions.TimeoutException: Message:\n\nC:\\Users\\artur\\AppData\\Local\\Packages\\PythonSoftwareFoundation.Python.3.9_qbz5n2kfra8p0\\LocalCache\\local-packages\\Python39\\site-packages\\selenium\\webdriver\\support\\wait.py:89: TimeoutException\n\nDuring handling of the above exception, another exception occurred:\n\nself = <UnitTestPopeyes.PopeyesTests.PurchaseTest.Purchase testMethod=test_05_purchase_bag_online>\n\n    def test_05_purchase_bag_online(self):\n        self.test_03_purchase_product()\n        with allure.step(u\"Finalizamos la compra\"):\n            self.purchasePage.btnFinishPurchase()\n    \n        with allure.step(u\"Elegimos el botón de pagar\"):\n            self.purchasePage.clickBtnPay()\n    \n        with allure.step(u\"Seleccionamos el método de pago online\"):\n            self.purchasePage.selectMethodCard()\n    \n        with allure.step(u\"Aceptamos los términos y condiciones\"):\n            self.purchasePage.acceptTerms()\n    \n        with allure.step(u\"Confirmamos con el botón de finalizar compra\"):\n            self.purchasePage.finishPurchase()\n    \n        with allure.step(u\"Seleccionamos tarjeta de crédito\"):\n>           self.purchasePage.selectCreditCard()\n\nPurchaseTest.py:137: \n_ _ _ _ _ _ _ _ _ _ _ _ _ _ _ _ _ _ _ _ _ _ _ _ _ _ _ _ _ _ _ _ _ _ _ _ _ _ _ _ _ _ _ _ _ _ _ _ _ _ _ _ _ _ _ _ _ _ _ _ _ _ _ _ _ _ _ _ _ _ _ _ _ _ _ _ _ _ _ _ _ _ _ _ _ _ _ _ _ _ _ _ _ _ _ _ _ _ _ _ _ _ _ _ \n\nself = <[AttributeError(\"'PurchasePg' object has no attribute '_testMethodName'\") raised in repr()] PurchasePg object at 0x1dafae2f760>\n\n    def selectCreditCard(self):\n        try:\n            element_present = EC.element_located_to_be_selected((By.XPATH, \"/html/body/div[3]/iframe\"))\n            WebDriverWait(self.driver, 25).until(element_present)\n            elem = self.driver.find_element(By.CSS_SELECTOR,'.visaNetWrapper > iframe#visaNetJS')\n            self.driver.switch_to.frame(elem)\n        except TimeoutException:\n>           assert False, 'Ocurrió un problema al cargar el iframe'\nE           AssertionError: Ocurrió un problema al cargar el iframe\n\n..\\PopeyesPage\\PurchasePage.py:157: AssertionError"}, "steps": [{"name": "Iniciar el controlador de Chrome", "status": "passed", "start": 1646755399710, "stop": 1646755408776}, {"name": "Accedemos a la página de inicio de sesión", "status": "passed", "start": 1646755408776, "stop": 1646755414031}, {"name": "Ingresamos las credenciales de inicio de sesión con cuenta nativa", "status": "passed", "start": 1646755414031, "stop": 1646755414146}, {"name": "Validamos el inicio de sesión", "status": "passed", "start": 1646755414146, "stop": 1646755418894}, {"name": "Seleccionamos la primera dirección", "status": "passed", "start": 1646755419894, "stop": 1646755419927}, {"name": "Confirmamos la selección", "status": "passed", "start": 1646755419927, "stop": 1646755419958}, {"name": "Validamos la configuración de dirección", "status": "passed", "start": 1646755419958, "stop": 1646755421995}, {"name": "Nos dirigimos al home", "status": "passed", "start": 1646755421996, "stop": 1646755426625}, {"name": "Seleccionamos personales y para compartir", "status": "passed", "start": 1646755426625, "stop": 1646755426651}, {"name": "Seleccionamos el segundo producto (Cajun Full)", "status": "passed", "start": 1646755426651, "stop": 1646755427866}, {"name": "Eligimos las piezas", "status": "passed", "start": 1646755427866, "stop": 1646755429436}, {"name": "Elegimos el tamaño", "status": "passed", "start": 1646755429436, "stop": 1646755429448}, {"name": "Eligimos el sabor de bebida", "status": "passed", "start": 1646755429448, "stop": 1646755429462}, {"name": "Eligimos las salsas", "status": "passed", "start": 1646755429462, "stop": 1646755429507}, {"name": "Validamos el monto", "status": "passed", "start": 1646755429507, "stop": 1646755429521}, {"name": "Agregamos al carrito", "status": "passed", "start": 1646755429521, "stop": 1646755429536}, {"name": "Validamos que se agregó correctamente", "status": "passed", "attachments": [{"name": "Producto Agregado", "source": "12a7d9cc-c3f4-44b3-b073-72cf9ae8834b-attachment.png", "type": "image/png"}], "start": 1646755429536, "stop": 1646755437166}, {"name": "Finalizamos la compra", "status": "passed", "start": 1646755437166, "stop": 1646755437203}, {"name": "Elegimos el botón de pagar", "status": "passed", "start": 1646755437203, "stop": 1646755441421}, {"name": "Seleccionamos el método de pago online", "status": "passed", "start": 1646755441421, "stop": 1646755442303}, {"name": "Aceptamos los términos y condiciones", "status": "passed", "start": 1646755442304, "stop": 1646755442843}, {"name": "Confirmamos con el botón de finalizar compra", "status": "passed", "start": 1646755442843, "stop": 1646755446555}, {"name": "Seleccionamos tarjeta de crédito", "status": "failed", "statusDetails": {"message": "AssertionError: Ocurrió un problema al cargar el iframe\n", "trace": "  File \"D:\\PROYECTOS CICLO IX\\SELENIUM\\PopeyesPruebas\\UnitTestPopeyes\\PopeyesTests\\PurchaseTest.py\", line 137, in test_05_purchase_bag_online\n    self.purchasePage.selectCreditCard()\n  File \"D:\\PROYECTOS CICLO IX\\SELENIUM\\PopeyesPruebas\\UnitTestPopeyes\\PopeyesPage\\PurchasePage.py\", line 157, in selectCreditCard\n    assert False, 'Ocurrió un problema al cargar el iframe'\n"}, "start": 1646755446556, "stop": 1646755471876}], "attachments": [{"name": "log", "source": "37370049-f959-4ff0-8354-a8db08619ffe-attachment.txt", "type": "text/plain"}, {"name": "stderr", "source": "68236729-2356-4a34-b62e-d229418bd350-attachment.txt", "type": "text/plain"}], "start": 1646755399710, "stop": 1646755473985, "uuid": "1560138a-93f9-477c-b204-b78228c3bba5", "historyId": "bb994b7c76a565fae9cd3bf4164f642b", "testCaseId": "bd2515ad6099bac03a5f63d424fe1a91", "fullName": "PurchaseTest.Purchase#test_05_purchase_bag_online", "labels": [{"name": "feature", "value": "Purchase"}, {"name": "suite", "value": "PurchaseTest"}, {"name": "subSuite", "value": "Purchase"}, {"name": "host", "value": "DESKTOP-FT84D78"}, {"name": "thread", "value": "44644-MainThread"}, {"name": "framework", "value": "pytest"}, {"name": "language", "value": "cpython3"}, {"name": "package", "value": "PurchaseTest"}]}