{"name": "Pagar el producto del carrito con efectivo", "status": "broken", "statusDetails": {"message": "selenium.common.exceptions.NoSuchElementException: Message: no such element: Unable to locate element: {\"method\":\"css selector\",\"selector\":\".failure-resumen-visa > h3\"}\n  (Session info: chrome=99.0.4844.51)\nStacktrace:\nBacktrace:\n\tOrdinal0 [0x004A9943+2595139]\n\tOrdinal0 [0x0043C9F1+2148849]\n\tOrdinal0 [0x00334528+1066280]\n\tOrdinal0 [0x00360FD4+1249236]\n\tOrdinal0 [0x003611CB+1249739]\n\tOrdinal0 [0x0038D812+1431570]\n\tOrdinal0 [0x0037BA34+1358388]\n\tOrdinal0 [0x0038BAF2+1424114]\n\tOrdinal0 [0x0037B806+1357830]\n\tOrdinal0 [0x00356086+1204358]\n\tOrdinal0 [0x00356F96+1208214]\n\tGetHandleVerifier [0x0064B232+1658114]\n\tGetHandleVerifier [0x0070312C+2411516]\n\tGetHandleVerifier [0x0053F261+560433]\n\tGetHandleVerifier [0x0053E366+556598]\n\tOrdinal0 [0x0044286B+2173035]\n\tOrdinal0 [0x004475F8+2192888]\n\tOrdinal0 [0x004476E5+2193125]\n\tOrdinal0 [0x004511FC+2232828]\n\tBaseThreadInitThunk [0x767FFA29+25]\n\tRtlGetAppContainerNamedObjectPath [0x772C7A9E+286]\n\tRtlGetAppContainerNamedObjectPath [0x772C7A6E+238]", "trace": "self = <UnitTestPopeyes.PopeyesTests.PurchaseTest.Purchase testMethod=test_04_purchase_bag_cash>\n\n    @allure.title(u\"Pagar el producto del carrito con efectivo\")\n    @allure.description(u\"Se requiere pagar el producto que está en el carrito con un monto de 25 en efectivo\")\n    @allure.story(u'Compra de un producto')\n    def test_04_purchase_bag_cash(self):\n        self.test_03_purchase_product()\n        with allure.step(u\"Finalizamos la compra\"):\n            self.purchasePage.btnFinishPurchase()\n    \n        with allure.step(u\"Seleccionamos el botón de pagar\"):\n            self.purchasePage.clickBtnPay()\n    \n        with allure.step(u\"Ingresamos el monto\"):\n            self.purchasePage.insertAmount()\n    \n        with allure.step(u\"Aceptamos los términos y condiciones\"):\n            self.purchasePage.acceptTerms()\n    \n        with allure.step(u\"Finalizamos la compra\"):\n            self.purchasePage.finishPurchase()\n    \n        with allure.step(u\"Validamos la compra exitosa\"):\n>           self.purchasePage.validatePaySuccess()\n\nPurchaseTest.py:116: \n_ _ _ _ _ _ _ _ _ _ _ _ _ _ _ _ _ _ _ _ _ _ _ _ _ _ _ _ _ _ _ _ _ _ _ _ _ _ _ _ _ _ _ _ _ _ _ _ _ _ _ _ _ _ _ _ _ _ _ _ _ _ _ _ _ _ _ _ _ _ _ _ _ _ _ _ _ _ _ _ _ _ _ _ _ _ _ _ _ _ _ _ _ _ _ _ _ _ _ _ _ _ _ _ \n..\\PopeyesPage\\PurchasePage.py:138: in validatePaySuccess\n    txtSuccess = self.driver.find_element(By.CSS_SELECTOR,'.failure-resumen-visa > h3')\nC:\\Users\\artur\\AppData\\Local\\Packages\\PythonSoftwareFoundation.Python.3.9_qbz5n2kfra8p0\\LocalCache\\local-packages\\Python39\\site-packages\\selenium\\webdriver\\remote\\webdriver.py:1244: in find_element\n    return self.execute(Command.FIND_ELEMENT, {\nC:\\Users\\artur\\AppData\\Local\\Packages\\PythonSoftwareFoundation.Python.3.9_qbz5n2kfra8p0\\LocalCache\\local-packages\\Python39\\site-packages\\selenium\\webdriver\\remote\\webdriver.py:424: in execute\n    self.error_handler.check_response(response)\n_ _ _ _ _ _ _ _ _ _ _ _ _ _ _ _ _ _ _ _ _ _ _ _ _ _ _ _ _ _ _ _ _ _ _ _ _ _ _ _ _ _ _ _ _ _ _ _ _ _ _ _ _ _ _ _ _ _ _ _ _ _ _ _ _ _ _ _ _ _ _ _ _ _ _ _ _ _ _ _ _ _ _ _ _ _ _ _ _ _ _ _ _ _ _ _ _ _ _ _ _ _ _ _ \n\nself = <selenium.webdriver.remote.errorhandler.ErrorHandler object at 0x000001DAFA2E2310>\nresponse = {'status': 404, 'value': '{\"value\":{\"error\":\"no such element\",\"message\":\"no such element: Unable to locate element: {\\...\\n\\\\tRtlGetAppContainerNamedObjectPath [0x772C7A9E+286]\\\\n\\\\tRtlGetAppContainerNamedObjectPath [0x772C7A6E+238]\\\\n\"}}'}\n\n    def check_response(self, response: Dict[str, Any]) -> None:\n        \"\"\"\n        Checks that a JSON response from the WebDriver does not have an error.\n    \n        :Args:\n         - response - The JSON response from the WebDriver server as a dictionary\n           object.\n    \n        :Raises: If the response contains an error message.\n        \"\"\"\n        status = response.get('status', None)\n        if not status or status == ErrorCode.SUCCESS:\n            return\n        value = None\n        message = response.get(\"message\", \"\")\n        screen: str = response.get(\"screen\", \"\")\n        stacktrace = None\n        if isinstance(status, int):\n            value_json = response.get('value', None)\n            if value_json and isinstance(value_json, str):\n                import json\n                try:\n                    value = json.loads(value_json)\n                    if len(value.keys()) == 1:\n                        value = value['value']\n                    status = value.get('error', None)\n                    if not status:\n                        status = value.get(\"status\", ErrorCode.UNKNOWN_ERROR)\n                        message = value.get(\"value\") or value.get(\"message\")\n                        if not isinstance(message, str):\n                            value = message\n                            message = message.get('message')\n                    else:\n                        message = value.get('message', None)\n                except ValueError:\n                    pass\n    \n        exception_class: Type[WebDriverException]\n        if status in ErrorCode.NO_SUCH_ELEMENT:\n            exception_class = NoSuchElementException\n        elif status in ErrorCode.NO_SUCH_FRAME:\n            exception_class = NoSuchFrameException\n        elif status in ErrorCode.NO_SUCH_SHADOW_ROOT:\n            exception_class = NoSuchShadowRootException\n        elif status in ErrorCode.NO_SUCH_WINDOW:\n            exception_class = NoSuchWindowException\n        elif status in ErrorCode.STALE_ELEMENT_REFERENCE:\n            exception_class = StaleElementReferenceException\n        elif status in ErrorCode.ELEMENT_NOT_VISIBLE:\n            exception_class = ElementNotVisibleException\n        elif status in ErrorCode.INVALID_ELEMENT_STATE:\n            exception_class = InvalidElementStateException\n        elif status in ErrorCode.INVALID_SELECTOR \\\n                or status in ErrorCode.INVALID_XPATH_SELECTOR \\\n                or status in ErrorCode.INVALID_XPATH_SELECTOR_RETURN_TYPER:\n            exception_class = InvalidSelectorException\n        elif status in ErrorCode.ELEMENT_IS_NOT_SELECTABLE:\n            exception_class = ElementNotSelectableException\n        elif status in ErrorCode.ELEMENT_NOT_INTERACTABLE:\n            exception_class = ElementNotInteractableException\n        elif status in ErrorCode.INVALID_COOKIE_DOMAIN:\n            exception_class = InvalidCookieDomainException\n        elif status in ErrorCode.UNABLE_TO_SET_COOKIE:\n            exception_class = UnableToSetCookieException\n        elif status in ErrorCode.TIMEOUT:\n            exception_class = TimeoutException\n        elif status in ErrorCode.SCRIPT_TIMEOUT:\n            exception_class = TimeoutException\n        elif status in ErrorCode.UNKNOWN_ERROR:\n            exception_class = WebDriverException\n        elif status in ErrorCode.UNEXPECTED_ALERT_OPEN:\n            exception_class = UnexpectedAlertPresentException\n        elif status in ErrorCode.NO_ALERT_OPEN:\n            exception_class = NoAlertPresentException\n        elif status in ErrorCode.IME_NOT_AVAILABLE:\n            exception_class = ImeNotAvailableException\n        elif status in ErrorCode.IME_ENGINE_ACTIVATION_FAILED:\n            exception_class = ImeActivationFailedException\n        elif status in ErrorCode.MOVE_TARGET_OUT_OF_BOUNDS:\n            exception_class = MoveTargetOutOfBoundsException\n        elif status in ErrorCode.JAVASCRIPT_ERROR:\n            exception_class = JavascriptException\n        elif status in ErrorCode.SESSION_NOT_CREATED:\n            exception_class = SessionNotCreatedException\n        elif status in ErrorCode.INVALID_ARGUMENT:\n            exception_class = InvalidArgumentException\n        elif status in ErrorCode.NO_SUCH_COOKIE:\n            exception_class = NoSuchCookieException\n        elif status in ErrorCode.UNABLE_TO_CAPTURE_SCREEN:\n            exception_class = ScreenshotException\n        elif status in ErrorCode.ELEMENT_CLICK_INTERCEPTED:\n            exception_class = ElementClickInterceptedException\n        elif status in ErrorCode.INSECURE_CERTIFICATE:\n            exception_class = InsecureCertificateException\n        elif status in ErrorCode.INVALID_COORDINATES:\n            exception_class = InvalidCoordinatesException\n        elif status in ErrorCode.INVALID_SESSION_ID:\n            exception_class = InvalidSessionIdException\n        elif status in ErrorCode.UNKNOWN_METHOD:\n            exception_class = UnknownMethodException\n        else:\n            exception_class = WebDriverException\n        if not value:\n            value = response['value']\n        if isinstance(value, str):\n            raise exception_class(value)\n        if message == \"\" and 'message' in value:\n            message = value['message']\n    \n        screen = None  # type: ignore[assignment]\n        if 'screen' in value:\n            screen = value['screen']\n    \n        stacktrace = None\n        st_value = value.get('stackTrace') or value.get('stacktrace')\n        if st_value:\n            if isinstance(st_value, str):\n                stacktrace = st_value.split('\\n')\n            else:\n                stacktrace = []\n                try:\n                    for frame in st_value:\n                        line = self._value_or_default(frame, 'lineNumber', '')\n                        file = self._value_or_default(frame, 'fileName', '<anonymous>')\n                        if line:\n                            file = \"%s:%s\" % (file, line)\n                        meth = self._value_or_default(frame, 'methodName', '<anonymous>')\n                        if 'className' in frame:\n                            meth = \"%s.%s\" % (frame['className'], meth)\n                        msg = \"    at %s (%s)\"\n                        msg = msg % (meth, file)\n                        stacktrace.append(msg)\n                except TypeError:\n                    pass\n        if exception_class == UnexpectedAlertPresentException:\n            alert_text = None\n            if 'data' in value:\n                alert_text = value['data'].get('text')\n            elif 'alert' in value:\n                alert_text = value['alert'].get('text')\n            raise exception_class(message, screen, stacktrace, alert_text)  # type: ignore[call-arg]  # mypy is not smart enough here\n>       raise exception_class(message, screen, stacktrace)\nE       selenium.common.exceptions.NoSuchElementException: Message: no such element: Unable to locate element: {\"method\":\"css selector\",\"selector\":\".failure-resumen-visa > h3\"}\nE         (Session info: chrome=99.0.4844.51)\nE       Stacktrace:\nE       Backtrace:\nE       \tOrdinal0 [0x004A9943+2595139]\nE       \tOrdinal0 [0x0043C9F1+2148849]\nE       \tOrdinal0 [0x00334528+1066280]\nE       \tOrdinal0 [0x00360FD4+1249236]\nE       \tOrdinal0 [0x003611CB+1249739]\nE       \tOrdinal0 [0x0038D812+1431570]\nE       \tOrdinal0 [0x0037BA34+1358388]\nE       \tOrdinal0 [0x0038BAF2+1424114]\nE       \tOrdinal0 [0x0037B806+1357830]\nE       \tOrdinal0 [0x00356086+1204358]\nE       \tOrdinal0 [0x00356F96+1208214]\nE       \tGetHandleVerifier [0x0064B232+1658114]\nE       \tGetHandleVerifier [0x0070312C+2411516]\nE       \tGetHandleVerifier [0x0053F261+560433]\nE       \tGetHandleVerifier [0x0053E366+556598]\nE       \tOrdinal0 [0x0044286B+2173035]\nE       \tOrdinal0 [0x004475F8+2192888]\nE       \tOrdinal0 [0x004476E5+2193125]\nE       \tOrdinal0 [0x004511FC+2232828]\nE       \tBaseThreadInitThunk [0x767FFA29+25]\nE       \tRtlGetAppContainerNamedObjectPath [0x772C7A9E+286]\nE       \tRtlGetAppContainerNamedObjectPath [0x772C7A6E+238]\n\nC:\\Users\\artur\\AppData\\Local\\Packages\\PythonSoftwareFoundation.Python.3.9_qbz5n2kfra8p0\\LocalCache\\local-packages\\Python39\\site-packages\\selenium\\webdriver\\remote\\errorhandler.py:247: NoSuchElementException"}, "description": "Se requiere pagar el producto que está en el carrito con un monto de 25 en efectivo", "steps": [{"name": "Iniciar el controlador de Chrome", "status": "passed", "start": 1646755313990, "stop": 1646755322972}, {"name": "Accedemos a la página de inicio de sesión", "status": "passed", "start": 1646755322972, "stop": 1646755328271}, {"name": "Ingresamos las credenciales de inicio de sesión con cuenta nativa", "status": "passed", "start": 1646755328271, "stop": 1646755328385}, {"name": "Validamos el inicio de sesión", "status": "passed", "start": 1646755328385, "stop": 1646755333200}, {"name": "Seleccionamos la primera dirección", "status": "passed", "start": 1646755334214, "stop": 1646755334249}, {"name": "Confirmamos la selección", "status": "passed", "start": 1646755334249, "stop": 1646755334283}, {"name": "Validamos la configuración de dirección", "status": "passed", "start": 1646755334283, "stop": 1646755336517}, {"name": "Nos dirigimos al home", "status": "passed", "start": 1646755336517, "stop": 1646755343076}, {"name": "Seleccionamos personales y para compartir", "status": "passed", "start": 1646755343076, "stop": 1646755343104}, {"name": "Seleccionamos el segundo producto (Cajun Full)", "status": "passed", "start": 1646755343104, "stop": 1646755344670}, {"name": "Eligimos las piezas", "status": "passed", "start": 1646755344670, "stop": 1646755346970}, {"name": "Elegimos el tamaño", "status": "passed", "start": 1646755346970, "stop": 1646755346980}, {"name": "Eligimos el sabor de bebida", "status": "passed", "start": 1646755346980, "stop": 1646755346993}, {"name": "Eligimos las salsas", "status": "passed", "start": 1646755346993, "stop": 1646755347034}, {"name": "Validamos el monto", "status": "passed", "start": 1646755347034, "stop": 1646755347049}, {"name": "Agregamos al carrito", "status": "passed", "start": 1646755347049, "stop": 1646755347063}, {"name": "Validamos que se agregó correctamente", "status": "passed", "attachments": [{"name": "Producto Agregado", "source": "7b63314e-092b-4dab-a14f-65e2ab7114dd-attachment.png", "type": "image/png"}], "start": 1646755347063, "stop": 1646755354499}, {"name": "Finalizamos la compra", "status": "passed", "start": 1646755354499, "stop": 1646755354536}, {"name": "Seleccionamos el botón de pagar", "status": "passed", "start": 1646755354536, "stop": 1646755360848}, {"name": "Ingresamos el monto", "status": "passed", "start": 1646755360848, "stop": 1646755367180}, {"name": "Aceptamos los términos y condiciones", "status": "passed", "start": 1646755367180, "stop": 1646755367223}, {"name": "Finalizamos la compra", "status": "passed", "start": 1646755367223, "stop": 1646755367282}, {"name": "Validamos la compra exitosa", "status": "broken", "statusDetails": {"message": "selenium.common.exceptions.NoSuchElementException: Message: no such element: Unable to locate element: {\"method\":\"css selector\",\"selector\":\".failure-resumen-visa > h3\"}\n  (Session info: chrome=99.0.4844.51)\nStacktrace:\nBacktrace:\n\tOrdinal0 [0x004A9943+2595139]\n\tOrdinal0 [0x0043C9F1+2148849]\n\tOrdinal0 [0x00334528+1066280]\n\tOrdinal0 [0x00360FD4+1249236]\n\tOrdinal0 [0x003611CB+1249739]\n\tOrdinal0 [0x0038D812+1431570]\n\tOrdinal0 [0x0037BA34+1358388]\n\tOrdinal0 [0x0038BAF2+1424114]\n\tOrdinal0 [0x0037B806+1357830]\n\tOrdinal0 [0x00356086+1204358]\n\tOrdinal0 [0x00356F96+1208214]\n\tGetHandleVerifier [0x0064B232+1658114]\n\tGetHandleVerifier [0x0070312C+2411516]\n\tGetHandleVerifier [0x0053F261+560433]\n\tGetHandleVerifier [0x0053E366+556598]\n\tOrdinal0 [0x0044286B+2173035]\n\tOrdinal0 [0x004475F8+2192888]\n\tOrdinal0 [0x004476E5+2193125]\n\tOrdinal0 [0x004511FC+2232828]\n\tBaseThreadInitThunk [0x767FFA29+25]\n\tRtlGetAppContainerNamedObjectPath [0x772C7A9E+286]\n\tRtlGetAppContainerNamedObjectPath [0x772C7A6E+238]\n\n", "trace": "  File \"D:\\PROYECTOS CICLO IX\\SELENIUM\\PopeyesPruebas\\UnitTestPopeyes\\PopeyesTests\\PurchaseTest.py\", line 116, in test_04_purchase_bag_cash\n    self.purchasePage.validatePaySuccess()\n  File \"D:\\PROYECTOS CICLO IX\\SELENIUM\\PopeyesPruebas\\UnitTestPopeyes\\PopeyesPage\\PurchasePage.py\", line 138, in validatePaySuccess\n    txtSuccess = self.driver.find_element(By.CSS_SELECTOR,'.failure-resumen-visa > h3')\n  File \"C:\\Users\\artur\\AppData\\Local\\Packages\\PythonSoftwareFoundation.Python.3.9_qbz5n2kfra8p0\\LocalCache\\local-packages\\Python39\\site-packages\\selenium\\webdriver\\remote\\webdriver.py\", line 1244, in find_element\n    return self.execute(Command.FIND_ELEMENT, {\n  File \"C:\\Users\\artur\\AppData\\Local\\Packages\\PythonSoftwareFoundation.Python.3.9_qbz5n2kfra8p0\\LocalCache\\local-packages\\Python39\\site-packages\\selenium\\webdriver\\remote\\webdriver.py\", line 424, in execute\n    self.error_handler.check_response(response)\n  File \"C:\\Users\\artur\\AppData\\Local\\Packages\\PythonSoftwareFoundation.Python.3.9_qbz5n2kfra8p0\\LocalCache\\local-packages\\Python39\\site-packages\\selenium\\webdriver\\remote\\errorhandler.py\", line 247, in check_response\n    raise exception_class(message, screen, stacktrace)\n"}, "attachments": [{"name": "Compra exitosa", "source": "6e153617-3623-4010-8eb6-34dd8537367f-attachment.png", "type": "image/png"}], "start": 1646755367282, "stop": 1646755396447}], "attachments": [{"name": "log", "source": "91ba0cb8-53b2-4423-9659-ca64136da850-attachment.txt", "type": "text/plain"}, {"name": "stderr", "source": "a981ace9-fabf-435e-928f-be60a5eaa43a-attachment.txt", "type": "text/plain"}], "start": 1646755313990, "stop": 1646755399594, "uuid": "37cb7afa-ea47-4b70-8949-67803ce163bd", "historyId": "48cde489928f5dc39eeabfa015394521", "testCaseId": "f20a4c510596561bf2c9e537700c2985", "fullName": "PurchaseTest.Purchase#test_04_purchase_bag_cash", "labels": [{"name": "story", "value": "Compra de un producto"}, {"name": "feature", "value": "Purchase"}, {"name": "suite", "value": "PurchaseTest"}, {"name": "subSuite", "value": "Purchase"}, {"name": "host", "value": "DESKTOP-FT84D78"}, {"name": "thread", "value": "44644-MainThread"}, {"name": "framework", "value": "pytest"}, {"name": "language", "value": "cpython3"}, {"name": "package", "value": "PurchaseTest"}]}