{"name": "test_05_purchase_bag_online", "status": "failed", "statusDetails": {"message": "AssertionError: Ocurrió un problema al cargar el iframe", "trace": "self = <[AttributeError(\"'PurchasePg' object has no attribute '_testMethodName'\") raised in repr()] PurchasePg object at 0x2aca0b71fd0>\n\n    def selectCreditCard(self):\n        try:\n            element_present = EC.element_located_to_be_selected((By.XPATH, \"/html/body/div[3]/iframe\"))\n>           WebDriverWait(self.driver, 25).until(element_present)\n\n..\\PopeyesPage\\PurchasePage.py:152: \n_ _ _ _ _ _ _ _ _ _ _ _ _ _ _ _ _ _ _ _ _ _ _ _ _ _ _ _ _ _ _ _ _ _ _ _ _ _ _ _ _ _ _ _ _ _ _ _ _ _ _ _ _ _ _ _ _ _ _ _ _ _ _ _ _ _ _ _ _ _ _ _ _ _ _ _ _ _ _ _ _ _ _ _ _ _ _ _ _ _ _ _ _ _ _ _ _ _ _ _ _ _ _ _ \n\nself = <selenium.webdriver.support.wait.WebDriverWait (session=\"58cfccb5bdd724b77a8f6b02cf2f7e25\")>, method = <function element_located_to_be_selected.<locals>._predicate at 0x000002ACA0B8D310>, message = ''\n\n    def until(self, method, message=''):\n        \"\"\"Calls the method provided with the driver as an argument until the \\\n        return value does not evaluate to ``False``.\n    \n        :param method: callable(WebDriver)\n        :param message: optional message for :exc:`TimeoutException`\n        :returns: the result of the last call to `method`\n        :raises: :exc:`selenium.common.exceptions.TimeoutException` if timeout occurs\n        \"\"\"\n        screen = None\n        stacktrace = None\n    \n        end_time = time.time() + self._timeout\n        while True:\n            try:\n                value = method(self._driver)\n                if value:\n                    return value\n            except InvalidSelectorException as e:\n                raise e\n            except self._ignored_exceptions as exc:\n                screen = getattr(exc, 'screen', None)\n                stacktrace = getattr(exc, 'stacktrace', None)\n            time.sleep(self._poll)\n            if time.time() > end_time:\n                break\n>       raise TimeoutException(message, screen, stacktrace)\nE       selenium.common.exceptions.TimeoutException: Message: \nE       Stacktrace:\nE       Backtrace:\nE       \tOrdinal0 [0x01239943+2595139]\nE       \tOrdinal0 [0x011CC9F1+2148849]\nE       \tOrdinal0 [0x010C4528+1066280]\nE       \tOrdinal0 [0x010F0FD4+1249236]\nE       \tOrdinal0 [0x010F11CB+1249739]\nE       \tOrdinal0 [0x0111D812+1431570]\nE       \tOrdinal0 [0x0110BA34+1358388]\nE       \tOrdinal0 [0x0111BAF2+1424114]\nE       \tOrdinal0 [0x0110B806+1357830]\nE       \tOrdinal0 [0x010E6086+1204358]\nE       \tOrdinal0 [0x010E6F96+1208214]\nE       \tGetHandleVerifier [0x013DB232+1658114]\nE       \tGetHandleVerifier [0x0149312C+2411516]\nE       \tGetHandleVerifier [0x012CF261+560433]\nE       \tGetHandleVerifier [0x012CE366+556598]\nE       \tOrdinal0 [0x011D286B+2173035]\nE       \tOrdinal0 [0x011D75F8+2192888]\nE       \tOrdinal0 [0x011D76E5+2193125]\nE       \tOrdinal0 [0x011E11FC+2232828]\nE       \tBaseThreadInitThunk [0x767FFA29+25]\nE       \tRtlGetAppContainerNamedObjectPath [0x772C7A9E+286]\nE       \tRtlGetAppContainerNamedObjectPath [0x772C7A6E+238]\n\nC:\\Users\\artur\\AppData\\Local\\Packages\\PythonSoftwareFoundation.Python.3.9_qbz5n2kfra8p0\\LocalCache\\local-packages\\Python39\\site-packages\\selenium\\webdriver\\support\\wait.py:89: TimeoutException\n\nDuring handling of the above exception, another exception occurred:\n\nself = <UnitTestPopeyes.PopeyesTests.PurchaseTest.Purchase testMethod=test_05_purchase_bag_online>\n\n    def test_05_purchase_bag_online(self):\n        self.test_03_purchase_product()\n        with allure.step(u\"Finalizamos la compra\"):\n            self.purchasePage.btnFinishPurchase()\n    \n        with allure.step(u\"Elegimos el botón de pagar\"):\n            self.purchasePage.clickBtnPay()\n    \n        with allure.step(u\"Seleccionamos el método de pago online\"):\n            self.purchasePage.selectMethodCard()\n    \n        with allure.step(u\"Aceptamos los términos y condiciones\"):\n            self.purchasePage.acceptTerms()\n    \n        with allure.step(u\"Confirmamos con el botón de finalizar compra\"):\n            self.purchasePage.finishPurchase()\n    \n        with allure.step(u\"Seleccionamos tarjeta de crédito\"):\n>           self.purchasePage.selectCreditCard()\n\nPurchaseTest.py:137: \n_ _ _ _ _ _ _ _ _ _ _ _ _ _ _ _ _ _ _ _ _ _ _ _ _ _ _ _ _ _ _ _ _ _ _ _ _ _ _ _ _ _ _ _ _ _ _ _ _ _ _ _ _ _ _ _ _ _ _ _ _ _ _ _ _ _ _ _ _ _ _ _ _ _ _ _ _ _ _ _ _ _ _ _ _ _ _ _ _ _ _ _ _ _ _ _ _ _ _ _ _ _ _ _ \n\nself = <[AttributeError(\"'PurchasePg' object has no attribute '_testMethodName'\") raised in repr()] PurchasePg object at 0x2aca0b71fd0>\n\n    def selectCreditCard(self):\n        try:\n            element_present = EC.element_located_to_be_selected((By.XPATH, \"/html/body/div[3]/iframe\"))\n            WebDriverWait(self.driver, 25).until(element_present)\n            elem = self.driver.find_element(By.CSS_SELECTOR,'.visaNetWrapper > iframe#visaNetJS')\n            self.driver.switch_to.frame(elem)\n        except TimeoutException:\n>           assert False, 'Ocurrió un problema al cargar el iframe'\nE           AssertionError: Ocurrió un problema al cargar el iframe\n\n..\\PopeyesPage\\PurchasePage.py:156: AssertionError"}, "steps": [{"name": "Iniciar el controlador de Chrome", "status": "passed", "start": 1646759954428, "stop": 1646759961810}, {"name": "Accedemos a la página de inicio de sesión", "status": "passed", "start": 1646759961810, "stop": 1646759967232}, {"name": "Ingresamos las credenciales de inicio de sesión con cuenta nativa", "status": "passed", "start": 1646759967232, "stop": 1646759967347}, {"name": "Validamos el inicio de sesión", "status": "passed", "start": 1646759967347, "stop": 1646759971832}, {"name": "Seleccionamos la primera dirección", "status": "passed", "start": 1646759972834, "stop": 1646759972867}, {"name": "Confirmamos la selección", "status": "passed", "start": 1646759972867, "stop": 1646759972899}, {"name": "Validamos la configuración de dirección", "status": "passed", "start": 1646759972899, "stop": 1646759974750}, {"name": "Nos dirigimos al home", "status": "passed", "start": 1646759974750, "stop": 1646759980349}, {"name": "Seleccionamos personales y para compartir", "status": "passed", "start": 1646759980349, "stop": 1646759980377}, {"name": "Seleccionamos el segundo producto (Cajun Full)", "status": "passed", "start": 1646759980377, "stop": 1646759982081}, {"name": "Eligimos las piezas", "status": "passed", "start": 1646759982081, "stop": 1646759984704}, {"name": "Elegimos el tamaño", "status": "passed", "start": 1646759984704, "stop": 1646759984714}, {"name": "Eligimos el sabor de bebida", "status": "passed", "start": 1646759984714, "stop": 1646759984728}, {"name": "Eligimos las salsas", "status": "passed", "start": 1646759984728, "stop": 1646759984771}, {"name": "Validamos el monto", "status": "passed", "start": 1646759984771, "stop": 1646759984786}, {"name": "Agregamos al carrito", "status": "passed", "start": 1646759984786, "stop": 1646759984803}, {"name": "Validamos que se agregó correctamente", "status": "passed", "attachments": [{"name": "Producto Agregado", "source": "36718a46-93ab-4431-8d7c-661f037bb275-attachment.png", "type": "image/png"}], "start": 1646759984803, "stop": 1646759992510}, {"name": "Finalizamos la compra", "status": "passed", "start": 1646759992510, "stop": 1646759992546}, {"name": "Elegimos el botón de pagar", "status": "passed", "start": 1646759992546, "stop": 1646759996783}, {"name": "Seleccionamos el método de pago online", "status": "passed", "start": 1646759996783, "stop": 1646759997706}, {"name": "Aceptamos los términos y condiciones", "status": "passed", "start": 1646759997706, "stop": 1646759997728}, {"name": "Confirmamos con el botón de finalizar compra", "status": "passed", "start": 1646759997728, "stop": 1646760001433}, {"name": "Seleccionamos tarjeta de crédito", "status": "failed", "statusDetails": {"message": "AssertionError: Ocurrió un problema al cargar el iframe\n", "trace": "  File \"D:\\PROYECTOS CICLO IX\\SELENIUM\\PopeyesPruebas\\UnitTestPopeyes\\PopeyesTests\\PurchaseTest.py\", line 137, in test_05_purchase_bag_online\n    self.purchasePage.selectCreditCard()\n  File \"D:\\PROYECTOS CICLO IX\\SELENIUM\\PopeyesPruebas\\UnitTestPopeyes\\PopeyesPage\\PurchasePage.py\", line 156, in selectCreditCard\n    assert False, 'Ocurrió un problema al cargar el iframe'\n"}, "start": 1646760001433, "stop": 1646760026835}], "attachments": [{"name": "log", "source": "febe69df-3611-40ef-b12e-9e10de2544a1-attachment.txt", "type": "text/plain"}, {"name": "stderr", "source": "ae3b48dd-d728-46a3-9397-779034a4541b-attachment.txt", "type": "text/plain"}], "start": 1646759954428, "stop": 1646760028975, "uuid": "948b2199-b3ef-4d42-ae4e-27f83eb9a0c4", "historyId": "bb994b7c76a565fae9cd3bf4164f642b", "testCaseId": "bd2515ad6099bac03a5f63d424fe1a91", "fullName": "PurchaseTest.Purchase#test_05_purchase_bag_online", "labels": [{"name": "feature", "value": "Purchase"}, {"name": "suite", "value": "PurchaseTest"}, {"name": "subSuite", "value": "Purchase"}, {"name": "host", "value": "DESKTOP-FT84D78"}, {"name": "thread", "value": "45684-MainThread"}, {"name": "framework", "value": "pytest"}, {"name": "language", "value": "cpython3"}, {"name": "package", "value": "PurchaseTest"}]}